[hive-relay] eventId=unknown type=unknown timestamp=unknown signatureVerified=false action=ignored command=skipped exitCode=na reason=invalid_signature
[hive-relay] eventId=event_mm6hb2nwrw0w6xvf type=mention.spawn_status_changed timestamp=1772292688700 signatureVerified=true action=triggered command=success exitCode=0
[hive-relay] eventId=event_mm6hb2oa0ouy0s8r type=mention.spawn_status_changed timestamp=1772292688714 signatureVerified=true action=triggered command=success exitCode=0
[hive-relay] eventId=event_mm6hem5c3vt7ct5h type=task.completed timestamp=1772292853920 signatureVerified=true action=triggered command=success exitCode=0
[hive-relay] eventId=event_mm6hem5334c6btu2 type=mention.spawn_status_changed timestamp=1772292853911 signatureVerified=true action=triggered command=success exitCode=0
[hive-relay] eventId=event_mm6hle1jifdwkpfm type=mention.spawn_status_changed timestamp=1772293170007 signatureVerified=true action=triggered command=success exitCode=0
[hive-relay] eventId=event_mm6hle1vxk27z4pq type=mention.spawn_status_changed timestamp=1772293170019 signatureVerified=true action=triggered command=success exitCode=0
[hive-relay] eventId=event_mm6hn823fq2l60t7 type=task.completed timestamp=1772293255563 signatureVerified=true action=triggered command=success exitCode=0
[hive-relay] eventId=event_mm6hn81u9exfbjw3 type=mention.spawn_status_changed timestamp=1772293255554 signatureVerified=true action=triggered command=success exitCode=0
[hive-relay] eventId=event_mm6hsg2zcu9jzz6o type=mention.spawn_status_changed timestamp=1772293499243 signatureVerified=true action=triggered command=success exitCode=0
[hive-relay] eventId=event_mm6hsg2o2rbm7b1h type=mention.spawn_status_changed timestamp=1772293499232 signatureVerified=true action=triggered command=success exitCode=0
[hive-relay] eventId=event_mm6hxm37qcloouw4 type=mention.spawn_status_changed timestamp=1772293740307 signatureVerified=true action=triggered command=success exitCode=0
[hive-relay] eventId=event_mm6hxm3fwpw15s7h type=task.completed timestamp=1772293740315 signatureVerified=true action=triggered command=success exitCode=0
[hive-relay] eventId=evt_tgtest_1772294339272 type=task.completed timestamp=1772294339272 signatureVerified=true action=triggered command=success exitCode=0 telegram=sent telegramCode=200
[hive-relay] eventId=event_mm6ibuxi4hv1m8ee type=mention.spawn_status_changed timestamp=1772294404950 signatureVerified=true action=triggered command=success exitCode=0 telegram=skipped telegramCode=na
[hive-relay] eventId=event_mm6ibux81518n5fo type=mention.spawn_status_changed timestamp=1772294404940 signatureVerified=true action=triggered command=success exitCode=0 telegram=skipped telegramCode=na
[hive-relay] eventId=event_mm6ic023t5sdorz4 type=mention.spawn_status_changed timestamp=1772294411595 signatureVerified=true action=triggered command=success exitCode=0 telegram=skipped telegramCode=na
[hive-relay] eventId=event_mm6ic02m96huzj8i type=task.completed timestamp=1772294411614 signatureVerified=true action=triggered command=success exitCode=0 telegram=sent telegramCode=200
[hive-relay] eventId=event_mm6ih1s25uyb6w4s type=mention.spawn_status_changed timestamp=1772294647106 signatureVerified=true action=triggered command=success exitCode=0 telegram=skipped telegramCode=na
[hive-relay] eventId=event_mm6ih1rrw7uc5rsb type=mention.spawn_status_changed timestamp=1772294647095 signatureVerified=true action=triggered command=success exitCode=0 telegram=skipped telegramCode=na
[hive-relay] eventId=event_mm6ik3a2fpl41ndf type=mention.spawn_status_changed timestamp=1772294789018 signatureVerified=true action=triggered command=success exitCode=0 telegram=skipped telegramCode=na
[hive-relay] eventId=event_mm6ik3a9baon3m0x type=task.completed timestamp=1772294789025 signatureVerified=true action=triggered command=success exitCode=0 telegram=sent telegramCode=200
[hive-relay] eventId=event_mm6inp79ccejl30e type=mention.spawn_status_changed timestamp=1772294957397 signatureVerified=true action=triggered command=success exitCode=0 telegram=skipped telegramCode=na
[hive-relay] eventId=event_mm6inp7lcs1l8aqx type=mention.spawn_status_changed timestamp=1772294957409 signatureVerified=true action=triggered command=success exitCode=0 telegram=skipped telegramCode=na
[hive-relay] eventId=event_mm6ip7s8srnbibrg type=mention.spawn_status_changed timestamp=1772295028136 signatureVerified=true action=triggered command=success exitCode=0 telegram=skipped telegramCode=na
[hive-relay] eventId=event_mm6ip7sficbspoqm type=task.completed timestamp=1772295028143 signatureVerified=true action=triggered command=success exitCode=0 telegram=sent telegramCode=200
[hive-relay] eventId=event_mm6j9cb997ojclz0 type=mention.spawn_status_changed timestamp=1772295967125 signatureVerified=true action=triggered command=success exitCode=0 telegram=skipped telegramCode=na
[hive-relay] eventId=event_mm6j9cbl0yf91rtl type=mention.spawn_status_changed timestamp=1772295967137 signatureVerified=true action=triggered command=success exitCode=0 telegram=skipped telegramCode=na
[hive-relay] eventId=event_mm6j9g46smej9jem type=mention.spawn_status_changed timestamp=1772295972054 signatureVerified=true action=triggered command=success exitCode=0 telegram=skipped telegramCode=na
[hive-relay] eventId=event_mm6j9g4mmq49aoe1 type=task.completed timestamp=1772295972070 signatureVerified=true action=triggered command=success exitCode=0 telegram=sent telegramCode=200
[hive-relay] eventId=event_mm6ktmrok2cr9anl type=mention.spawn_status_changed timestamp=1772298593412 signatureVerified=true action=triggered command=success exitCode=0 telegram=skipped telegramCode=na
[hive-relay] eventId=event_mm6ktmrdh2cybzwl type=mention.spawn_status_changed timestamp=1772298593401 signatureVerified=true action=triggered command=success exitCode=0 telegram=skipped telegramCode=na
[hive-relay] eventId=event_mm6kwva5mebq9f2w type=mention.spawn_status_changed timestamp=1772298744413 signatureVerified=true action=triggered command=success exitCode=0 telegram=skipped telegramCode=na
[hive-relay] eventId=event_mm6kwvaeioui6lnc type=task.completed timestamp=1772298744422 signatureVerified=true action=triggered command=success exitCode=0 telegram=sent telegramCode=200
[hive-relay] eventId=event_mm6l4opiydvlvif6 type=mention.spawn_status_changed timestamp=1772299109142 signatureVerified=true action=triggered command=success exitCode=0 telegram=skipped telegramCode=na
[hive-relay] eventId=event_mm6l4opt26zh8zso type=mention.spawn_status_changed timestamp=1772299109153 signatureVerified=true action=triggered command=success exitCode=0 telegram=skipped telegramCode=na
[hive-relay] eventId=event_mm6l4sbsjuds8c33 type=mention.spawn_status_changed timestamp=1772299113832 signatureVerified=true action=triggered command=success exitCode=0 telegram=skipped telegramCode=na
[hive-relay] eventId=event_mm6l4sc3cvt0p5xs type=mention.spawn_status_changed timestamp=1772299113843 signatureVerified=true action=triggered command=success exitCode=0 telegram=skipped telegramCode=na
[hive-relay] eventId=event_mm6lbwbxlqcyd5o2 type=mention.spawn_status_changed timestamp=1772299445613 signatureVerified=true action=triggered command=success exitCode=0 telegram=skipped telegramCode=na
[hive-relay] eventId=event_mm6lbwc6xzclqo6b type=task.completed timestamp=1772299445622 signatureVerified=true action=triggered command=success exitCode=0 telegram=sent telegramCode=200
[hive-relay] eventId=event_mm6lccalno9amliz type=mention.spawn_status_changed timestamp=1772299466301 signatureVerified=true action=triggered command=success exitCode=0 telegram=skipped telegramCode=na
[hive-relay] eventId=event_mm6lccaz6s90ttjp type=mention.spawn_status_changed timestamp=1772299466315 signatureVerified=true action=triggered command=success exitCode=0 telegram=skipped telegramCode=na
[hive-relay] eventId=event_mm6lccbagxp2071v type=mention.spawn_status_changed timestamp=1772299466326 signatureVerified=true action=triggered command=success exitCode=0 telegram=skipped telegramCode=na
[hive-relay] eventId=event_mm6lccbyajho1wdr type=mention.spawn_status_changed timestamp=1772299466350 signatureVerified=true action=triggered command=success exitCode=0 telegram=skipped telegramCode=na
[hive-relay] eventId=event_mm6lccc26no04ydx type=mention.spawn_status_changed timestamp=1772299466354 signatureVerified=true action=triggered command=success exitCode=0 telegram=skipped telegramCode=na
[hive-relay] eventId=event_mm6lccda1wc960sn type=mention.spawn_status_changed timestamp=1772299466398 signatureVerified=true action=triggered command=success exitCode=0 telegram=skipped telegramCode=na
[hive-relay] eventId=event_mm6lccda4opxwxih type=mention.spawn_status_changed timestamp=1772299466398 signatureVerified=true action=triggered command=success exitCode=0 telegram=skipped telegramCode=na
[hive-relay] eventId=event_mm6lccds666s20mr type=mention.spawn_status_changed timestamp=1772299466416 signatureVerified=true action=triggered command=success exitCode=0 telegram=skipped telegramCode=na
[hive-relay] eventId=event_mm6lccf29pt2pupk type=mention.spawn_status_changed timestamp=1772299466462 signatureVerified=true action=triggered command=success exitCode=0 telegram=skipped telegramCode=na
[hive-relay] eventId=event_mm6lccchzcuv0wuk type=task.completed timestamp=1772299466369 signatureVerified=true action=triggered command=success exitCode=0 telegram=sent telegramCode=200
[hive-relay] eventId=event_mm6lccff0crmp85b type=task.completed timestamp=1772299466475 signatureVerified=true action=triggered command=success exitCode=0 telegram=sent telegramCode=200
[hive-relay] eventId=event_mm6lccdlpsn482qk type=task.failed timestamp=1772299466409 signatureVerified=true action=triggered command=success exitCode=0 telegram=sent telegramCode=200
[hive-relay] eventId=event_mm6lcic8ch1bikbi type=mention.spawn_status_changed timestamp=1772299474136 signatureVerified=true action=triggered command=success exitCode=0 telegram=skipped telegramCode=na
[hive-relay] eventId=event_mm6lcicfcrmj76rr type=task.completed timestamp=1772299474143 signatureVerified=true action=triggered command=success exitCode=0 telegram=sent telegramCode=200
[hive-relay] eventId=event_mm6nrhulohnjcfg3 type=mention.spawn_status_changed timestamp=1772303532573 signatureVerified=true action=triggered command=success exitCode=0 telegram=skipped telegramCode=na
[hive-relay] eventId=event_mm6nrhtp4idg2d1f type=mention.spawn_status_changed timestamp=1772303532541 signatureVerified=true action=triggered command=success exitCode=0 telegram=skipped telegramCode=na
[hive-relay] eventId=event_mm6nrhtp4idg2d1f type=mention.spawn_status_changed timestamp=1772303532541 signatureVerified=true action=duplicate command=skipped exitCode=na telegram=skipped telegramCode=na reason=event_already_processed
[hive-relay] eventId=event_mm6nrhulohnjcfg3 type=mention.spawn_status_changed timestamp=1772303532573 signatureVerified=true action=duplicate command=skipped exitCode=na telegram=skipped telegramCode=na reason=event_already_processed
[hive-relay] eventId=event_mm6o2vbvhrd6kswx type=mention.spawn_status_changed timestamp=1772304063259 signatureVerified=true action=triggered command=success exitCode=0 telegram=skipped telegramCode=na
[hive-relay] eventId=event_mm6o2vc2otndrsdo type=task.completed timestamp=1772304063266 signatureVerified=true action=triggered command=success exitCode=0 telegram=sent telegramCode=200
[hive-relay] eventId=event_mm6uby35krf7r2p9 type=mention.spawn_status_changed timestamp=1772314564433 signatureVerified=true action=triggered command=success exitCode=0 telegram=skipped telegramCode=na
[hive-relay] eventId=event_mm6uby2hg7f62isr type=mention.spawn_status_changed timestamp=1772314564409 signatureVerified=true action=triggered command=success exitCode=0 telegram=skipped telegramCode=na
[hive-relay] eventId=event_mm6uby5fxf6vvb4e type=mention.spawn_status_changed timestamp=1772314564515 signatureVerified=true action=triggered command=success exitCode=0 telegram=skipped telegramCode=na
[hive-relay] eventId=event_mm6uby525k4qebj8 type=mention.spawn_status_changed timestamp=1772314564502 signatureVerified=true action=triggered command=success exitCode=0 telegram=skipped telegramCode=na
[hive-relay] eventId=event_mm6ucnq8ws8xp3k6 type=mention.spawn_status_changed timestamp=1772314597664 signatureVerified=true action=triggered command=success exitCode=0 telegram=skipped telegramCode=na
[hive-relay] eventId=event_mm6ucnqi6mqz0zjf type=task.completed timestamp=1772314597674 signatureVerified=true action=triggered command=success exitCode=0 telegram=sent telegramCode=200
[hive-relay] eventId=event_mm6ucpollm83u9bo type=task.completed timestamp=1772314600197 signatureVerified=true action=triggered command=success exitCode=0 telegram=skipped telegramCode=na
[hive-relay] eventId=event_mm6ucpobx6wmtni3 type=mention.spawn_status_changed timestamp=1772314600187 signatureVerified=true action=triggered command=success exitCode=0 telegram=skipped telegramCode=na
[hive-relay] eventId=event_mm6uvfk1zzl12dar type=mention.spawn_status_changed timestamp=1772315473537 signatureVerified=true action=triggered command=success exitCode=0 telegram=skipped telegramCode=na
[hive-relay] eventId=event_mm6uvfkh2tdxq64l type=mention.spawn_status_changed timestamp=1772315473553 signatureVerified=true action=triggered command=success exitCode=0 telegram=skipped telegramCode=na
[hive-relay] eventId=event_mm6uwzolhciysmly type=mention.spawn_status_changed timestamp=1772315546277 signatureVerified=true action=triggered command=success exitCode=0 telegram=skipped telegramCode=na
[hive-relay] eventId=event_mm6uwzotvbkobllj type=task.completed timestamp=1772315546285 signatureVerified=true action=triggered command=success exitCode=0 telegram=sent telegramCode=200
[hive-relay] eventId=event_mm7scf1urknfsc1r type=mention.spawn_status_changed timestamp=1772371693362 signatureVerified=true action=triggered command=success exitCode=0 telegram=skipped telegramCode=na
[hive-relay] eventId=event_mm7scf1kw3lnkg8l type=mention.spawn_status_changed timestamp=1772371693352 signatureVerified=true action=triggered command=success exitCode=0 telegram=skipped telegramCode=na
[hive-relay] eventId=event_mm7scf15s0orcqpm type=mention.spawn_status_changed timestamp=1772371693337 signatureVerified=true action=triggered command=success exitCode=0 telegram=skipped telegramCode=na
[hive-relay] eventId=event_mm7scpmybtro5q93 type=mention.spawn_status_changed timestamp=1772371707082 signatureVerified=true action=triggered command=success exitCode=0 telegram=skipped telegramCode=na
[hive-relay] eventId=event_mm7scpnt0c400rpx type=mention.spawn_status_changed timestamp=1772371707113 signatureVerified=true action=triggered command=success exitCode=0 telegram=skipped telegramCode=na
[hive-relay] eventId=event_mm7scpo3c5apomfm type=task.completed timestamp=1772371707123 signatureVerified=true action=triggered command=success exitCode=0 telegram=sent telegramCode=200
[hive-relay] eventId=event_mm7t1wjl60ss6sra type=mention.spawn_status_changed timestamp=1772372882433 signatureVerified=true action=triggered command=success exitCode=0 telegram=skipped telegramCode=na
[hive-relay] eventId=event_mm7t1wj5dolkv9zx type=mention.spawn_status_changed timestamp=1772372882417 signatureVerified=true action=triggered command=success exitCode=0 telegram=skipped telegramCode=na
[hive-relay] eventId=event_mm7t24qpk47dzmdi type=mention.spawn_status_changed timestamp=1772372893057 signatureVerified=true action=triggered command=success exitCode=0 telegram=skipped telegramCode=na
[hive-relay] eventId=event_mm7t24qyhqdebp8d type=task.completed timestamp=1772372893066 signatureVerified=true action=triggered command=success exitCode=0 telegram=sent telegramCode=200
[hive-relay] eventId=event_mm9avmaii4cnwqzn type=mention.spawn_status_changed timestamp=1772463288474 signatureVerified=true action=triggered command=success exitCode=0 telegram=skipped telegramCode=na
[hive-relay] eventId=event_mm9avmax5l2ttzrc type=mention.spawn_status_changed timestamp=1772463288489 signatureVerified=true action=triggered command=success exitCode=0 telegram=skipped telegramCode=na
[hive-relay] eventId=event_mm9awggl3oupbm2p type=mention.spawn_status_changed timestamp=1772463327573 signatureVerified=true action=triggered command=success exitCode=0 telegram=skipped telegramCode=na
[hive-relay] eventId=event_mm9awggtekjv3y40 type=task.completed timestamp=1772463327581 signatureVerified=true action=triggered command=success exitCode=0 telegram=sent telegramCode=200
[hive-relay] eventId=event_mm9ik0bu1f3e58bq type=mention.spawn_status_changed timestamp=1772476183722 signatureVerified=true action=triggered command=success exitCode=0 telegram=skipped telegramCode=na
[hive-relay] eventId=event_mm9ik0cl0qoker5n type=mention.spawn_status_changed timestamp=1772476183749 signatureVerified=true action=triggered command=success exitCode=0 telegram=skipped telegramCode=na
[hive-relay] eventId=event_mm9ik0cauo3g9jfj type=mention.spawn_status_changed timestamp=1772476183738 signatureVerified=true action=triggered command=success exitCode=0 telegram=skipped telegramCode=na
[hive-relay] eventId=event_mm9ikkqa0p2chc1m type=mention.spawn_status_changed timestamp=1772476210162 signatureVerified=true action=triggered command=success exitCode=0 telegram=skipped telegramCode=na
[hive-relay] eventId=event_mm9ikkqhmh1pr9bk type=task.completed timestamp=1772476210169 signatureVerified=true action=triggered command=success exitCode=0 telegram=sent telegramCode=200
[hive-relay] eventId=event_mm9ip5woy2yyk43y type=mention.spawn_status_changed timestamp=1772476424232 signatureVerified=true action=triggered command=success exitCode=0 telegram=skipped telegramCode=na
[hive-relay] eventId=event_mm9ip5wxinmc2wk9 type=mention.spawn_status_changed timestamp=1772476424241 signatureVerified=true action=triggered command=success exitCode=0 telegram=skipped telegramCode=na
[hive-relay] eventId=event_mm9ip5w8sh1kxdrr type=mention.spawn_status_changed timestamp=1772476424216 signatureVerified=true action=triggered command=success exitCode=0 telegram=skipped telegramCode=na
[hive-relay] eventId=event_mm9ixc3hhxbj1q2h type=mention.spawn_status_changed timestamp=1772476805501 signatureVerified=true action=triggered command=success exitCode=0 telegram=skipped telegramCode=na
[hive-relay] eventId=event_mm9ixc4a1t45ums0 type=mention.spawn_status_changed timestamp=1772476805530 signatureVerified=true action=triggered command=success exitCode=0 telegram=skipped telegramCode=na
[hive-relay] eventId=event_mm9ixc4io73jwn0n type=task.completed timestamp=1772476805538 signatureVerified=true action=triggered command=success exitCode=0 telegram=sent telegramCode=200
[hive-relay] eventId=event_mmacrms5jza19hgb type=mention.spawn_status_changed timestamp=1772526927893 signatureVerified=true action=triggered command=success exitCode=0 telegram=skipped telegramCode=na
[hive-relay] eventId=event_mmacrmrf9c9l8xv4 type=mention.spawn_status_changed timestamp=1772526927867 signatureVerified=true action=triggered command=success exitCode=0 telegram=skipped telegramCode=na
[hive-relay] eventId=event_mmacrmrue853h9c5 type=mention.spawn_status_changed timestamp=1772526927882 signatureVerified=true action=triggered command=success exitCode=0 telegram=skipped telegramCode=na
[hive-relay] eventId=event_mmae3czxhehdj79a type=mention.spawn_status_changed timestamp=1772529154701 signatureVerified=true action=triggered command=success exitCode=0 telegram=skipped telegramCode=na
[hive-relay] eventId=event_mmae3czijkyq2xqk type=mention.spawn_status_changed timestamp=1772529154686 signatureVerified=true action=triggered command=success exitCode=0 telegram=skipped telegramCode=na
[hive-relay] eventId=event_mmae3gpk6oxqlehx type=mention.spawn_status_changed timestamp=1772529159512 signatureVerified=true action=triggered command=success exitCode=0 telegram=skipped telegramCode=na
[hive-relay] eventId=event_mmae3gpupappgubb type=task.completed timestamp=1772529159522 signatureVerified=true action=triggered command=success exitCode=0 telegram=sent telegramCode=200
[hive-relay] eventId=event_mmafbf6pdo0r3mre type=mention.spawn_status_changed timestamp=1772531210401 signatureVerified=true action=triggered command=success exitCode=0 telegram=skipped telegramCode=na
[hive-relay] eventId=event_mmafbf6xeniqnyx4 type=mention.spawn_status_changed timestamp=1772531210409 signatureVerified=true action=triggered command=success exitCode=0 telegram=skipped telegramCode=na
[hive-relay] eventId=event_mmafbf68n95i1csl type=mention.spawn_status_changed timestamp=1772531210384 signatureVerified=true action=triggered command=success exitCode=0 telegram=skipped telegramCode=na
[hive-relay] eventId=event_mmafbrrg2twp37qt type=mention.spawn_status_changed timestamp=1772531226700 signatureVerified=true action=triggered command=success exitCode=0 telegram=skipped telegramCode=na
[hive-relay] eventId=event_mmafbrrov9kpijlt type=task.completed timestamp=1772531226708 signatureVerified=true action=triggered command=success exitCode=0 telegram=sent telegramCode=200
[hive-relay] eventId=event_mmak4zzbrydhzldm type=mention.spawn_status_changed timestamp=1772539308839 signatureVerified=true action=triggered command=success exitCode=0 telegram=skipped telegramCode=na
[hive-relay] eventId=event_mmak4zywvn9wdbkx type=mention.spawn_status_changed timestamp=1772539308824 signatureVerified=true action=triggered command=success exitCode=0 telegram=skipped telegramCode=na
[hive-relay] eventId=event_mmak4zzllwzm6rrn type=mention.spawn_status_changed timestamp=1772539308849 signatureVerified=true action=triggered command=success exitCode=0 telegram=skipped telegramCode=na
[hive-relay] eventId=event_mmak574buju8n6dj type=mention.spawn_status_changed timestamp=1772539318091 signatureVerified=true action=triggered command=success exitCode=0 telegram=skipped telegramCode=na
[hive-relay] eventId=event_mmak574kdog13rea type=task.completed timestamp=1772539318100 signatureVerified=true action=triggered command=success exitCode=0 telegram=sent telegramCode=200
[hive-relay] eventId=event_mmako0a07qm2xkrb type=mention.spawn_status_changed timestamp=1772540195688 signatureVerified=true action=triggered command=success exitCode=0 telegram=skipped telegramCode=na
[hive-relay] eventId=event_mmamtd5bwirxin5x type=mention.spawn_status_changed timestamp=1772543804879 signatureVerified=true action=triggered command=success exitCode=0 telegram=skipped telegramCode=na
[hive-relay] eventId=event_mmamtd4wtndqpolp type=mention.spawn_status_changed timestamp=1772543804864 signatureVerified=true action=triggered command=success exitCode=0 telegram=skipped telegramCode=na
[hive-relay] eventId=event_mmamtj2abkj60yqd type=mention.spawn_status_changed timestamp=1772543812546 signatureVerified=true action=triggered command=success exitCode=0 telegram=skipped telegramCode=na
[hive-relay] eventId=event_mmamtj1xf5g9t4s1 type=mention.spawn_status_changed timestamp=1772543812533 signatureVerified=true action=triggered command=success exitCode=0 telegram=skipped telegramCode=na
[hive-relay] eventId=event_mmamu0gr3fo1rrwf type=mention.spawn_status_changed timestamp=1772543835099 signatureVerified=true action=triggered command=success exitCode=0 telegram=skipped telegramCode=na
[hive-relay] eventId=event_mmamu0gzs0f3shim type=task.failed timestamp=1772543835107 signatureVerified=true action=triggered command=success exitCode=0 telegram=sent telegramCode=200
[hive-relay] eventId=event_mmamydq150ho0ijz type=mention.spawn_status_changed timestamp=1772544038905 signatureVerified=true action=triggered command=success exitCode=0 telegram=skipped telegramCode=na
[hive-relay] eventId=event_mmamydq9a4zbghuf type=task.completed timestamp=1772544038913 signatureVerified=true action=triggered command=success exitCode=0 telegram=sent telegramCode=200
[hive-relay] eventId=event_mman22lfb1nco6gl type=mention.spawn_status_changed timestamp=1772544211107 signatureVerified=true action=triggered command=success exitCode=0 telegram=skipped telegramCode=na
[hive-relay] eventId=event_mman22l0jwb5jbrz type=mention.spawn_status_changed timestamp=1772544211092 signatureVerified=true action=triggered command=success exitCode=0 telegram=skipped telegramCode=na
[hive-relay] eventId=event_mman6vubp51hl7e8 type=mention.spawn_status_changed timestamp=1772544435635 signatureVerified=true action=triggered command=success exitCode=0 telegram=skipped telegramCode=na
[hive-relay] eventId=event_mman6vui35f1e7nm type=task.completed timestamp=1772544435642 signatureVerified=true action=triggered command=success exitCode=0 telegram=sent telegramCode=200
[hive-relay] eventId=event_mman928hux7fyxl4 type=mention.spawn_status_changed timestamp=1772544537233 signatureVerified=true action=triggered command=success exitCode=0 telegram=skipped telegramCode=na
[hive-relay] eventId=event_mman92820g7be4nj type=mention.spawn_status_changed timestamp=1772544537218 signatureVerified=true action=triggered command=success exitCode=0 telegram=skipped telegramCode=na
[hive-relay] eventId=event_mman9fwtzp63bauc type=mention.spawn_status_changed timestamp=1772544554957 signatureVerified=true action=triggered command=success exitCode=0 telegram=skipped telegramCode=na
[hive-relay] eventId=event_mman9fx2gd86qjx4 type=task.completed timestamp=1772544554966 signatureVerified=true action=triggered command=success exitCode=0 telegram=sent telegramCode=200
[hive-relay] eventId=event_mmank7qyu2c22406 type=mention.spawn_status_changed timestamp=1772545057594 signatureVerified=true action=triggered command=success exitCode=0 telegram=skipped telegramCode=na
[hive-relay] eventId=event_mmank7rdkpa7tabh type=mention.spawn_status_changed timestamp=1772545057609 signatureVerified=true action=triggered command=success exitCode=0 telegram=skipped telegramCode=na
[hive-relay] eventId=event_mmanncgqappg7jeh type=mention.spawn_status_changed timestamp=1772545203674 signatureVerified=true action=triggered command=success exitCode=0 telegram=skipped telegramCode=na
[hive-relay] eventId=event_mmanncgxs4fe0cf9 type=task.completed timestamp=1772545203681 signatureVerified=true action=triggered command=success exitCode=0 telegram=sent telegramCode=200
[hive-relay] eventId=event_mmarp5or7wrdofhr type=mention.spawn_status_changed timestamp=1772552006667 signatureVerified=true action=triggered command=success exitCode=0 telegram=skipped telegramCode=na
[hive-relay] eventId=event_mmau856zluyu6jbx type=mention.spawn_status_changed timestamp=1772556251723 signatureVerified=true action=triggered command=success exitCode=0 telegram=skipped telegramCode=na
[hive-relay] eventId=event_mmau857ffp2pnc32 type=mention.spawn_status_changed timestamp=1772556251739 signatureVerified=true action=triggered command=success exitCode=0 telegram=skipped telegramCode=na
